2025-04-15 23:51:19,515 - rizzume - INFO - Environment setup complete. Temp PDF dir: /tmp/pdfs
2025-04-15 23:51:21,335 - rizzume - INFO - LaTeX version: MiKTeX-pdfTeX 4.18 (MiKTeX 24.1)
2025-04-15 23:51:21,336 - rizzume - INFO - Starting Rizzume API on port 8080
2025-04-15 23:51:21,338 - rizzume - INFO - Temp PDF directory: /tmp/pdfs
2025-04-16 00:08:36,038 - rizzume - INFO - Environment setup complete. Temp PDF dir: /tmp/pdfs
2025-04-16 00:08:37,132 - rizzume - INFO - LaTeX version: MiKTeX-pdfTeX 4.18 (MiKTeX 24.1)
2025-04-16 00:08:37,132 - rizzume - INFO - Starting Rizzume API on port 8080
2025-04-16 00:08:37,132 - rizzume - INFO - Temp PDF directory: /tmp/pdfs
2025-04-16 00:22:02,695 - rizzume - INFO - Environment setup complete. Temp PDF dir: /tmp/pdfs
2025-04-16 00:22:03,496 - rizzume - INFO - LaTeX version: MiKTeX-pdfTeX 4.18 (MiKTeX 24.1)
2025-04-16 00:22:03,496 - rizzume - INFO - Starting Rizzume API on port 8080
2025-04-16 00:22:03,499 - rizzume - INFO - Temp PDF directory: /tmp/pdfs
2025-04-16 00:33:41,341 - rizzume - INFO - Environment setup complete. Temp PDF dir: d:\rizzume\tmp\pdfs
2025-04-16 00:33:42,717 - rizzume - INFO - LaTeX version: MiKTeX-pdfTeX 4.18 (MiKTeX 24.1)
2025-04-16 00:33:42,717 - rizzume - INFO - Starting Rizzume API on port 8080
2025-04-16 00:33:42,720 - rizzume - INFO - Temp PDF directory: d:\rizzume\tmp\pdfs
2025-04-16 14:38:28,389 - rizzume - INFO - Environment setup complete. Temp PDF dir: d:\rizzume\tmp\pdfs
2025-04-16 14:38:34,523 - rizzume - INFO - LaTeX version: MiKTeX-pdfTeX 4.18 (MiKTeX 24.1)
2025-04-16 14:38:34,525 - rizzume - INFO - Starting Rizzume API on port 8080
2025-04-16 14:38:34,527 - rizzume - INFO - Temp PDF directory: d:\rizzume\tmp\pdfs
2025-04-16 14:44:48,401 - rizzume - INFO - Environment setup complete. Temp PDF dir: d:\rizzume\tmp\pdfs
2025-04-16 14:44:53,706 - rizzume - INFO - LaTeX version: MiKTeX-pdfTeX 4.18 (MiKTeX 24.1)
2025-04-16 14:44:53,708 - rizzume - INFO - Starting Rizzume API on port 8080
2025-04-16 14:44:53,712 - rizzume - INFO - Temp PDF directory: d:\rizzume\tmp\pdfs
2025-04-16 14:53:00,376 - rizzume - INFO - Environment setup complete. Temp PDF dir: d:\rizzume\tmp\pdfs
2025-04-16 14:53:01,460 - rizzume - INFO - LaTeX version: MiKTeX-pdfTeX 4.18 (MiKTeX 24.1)
2025-04-16 14:53:01,474 - rizzume - INFO - Starting Rizzume API on port 8080
2025-04-16 14:53:01,474 - rizzume - INFO - Temp PDF directory: d:\rizzume\tmp\pdfs
2025-04-16 14:57:33,928 - rizzume - INFO - Environment setup complete. Temp PDF dir: d:\rizzume\tmp\pdfs
2025-04-16 14:57:34,421 - rizzume - INFO - LaTeX version: MiKTeX-pdfTeX 4.18 (MiKTeX 24.1)
2025-04-16 14:57:34,421 - rizzume - INFO - Starting Rizzume API on port 8080
2025-04-16 14:57:34,421 - rizzume - INFO - Temp PDF directory: d:\rizzume\tmp\pdfs
2025-04-16 15:04:14,828 - rizzume - INFO - Environment setup complete. Temp PDF dir: d:\rizzume\tmp\pdfs
2025-04-16 15:04:15,488 - rizzume - INFO - LaTeX version: MiKTeX-pdfTeX 4.18 (MiKTeX 24.1)
2025-04-16 15:04:15,488 - rizzume - INFO - Starting Rizzume API on port 8080
2025-04-16 15:04:15,488 - rizzume - INFO - Temp PDF directory: d:\rizzume\tmp\pdfs
